0 info it worked if it ends with ok
1 verbose cli [ 'C:\\Program Files (x86)\\nodejs\\\\node.exe',
1 verbose cli   'C:\\Program Files (x86)\\nodejs\\node_modules\\npm\\bin\\npm-cli.js',
1 verbose cli   'shrinkwrap' ]
2 info using npm@2.11.3
3 info using node@v0.12.7
4 verbose stack Error: ENOENT, open 'C:\xampp\htdocs\ED\DentistIsIn-master\dentistisin_web-master\src\packages\package.json'
4 verbose stack     at Error (native)
5 verbose cwd C:\xampp\htdocs\ED\DentistIsIn-master\dentistisin_web-master\src\packages
6 error Windows_NT 6.3.9600
7 error argv "C:\\Program Files (x86)\\nodejs\\\\node.exe" "C:\\Program Files (x86)\\nodejs\\node_modules\\npm\\bin\\npm-cli.js" "shrinkwrap"
8 error node v0.12.7
9 error npm  v2.11.3
10 error path C:\xampp\htdocs\ED\DentistIsIn-master\dentistisin_web-master\src\packages\package.json
11 error code ENOENT
12 error errno -4058
13 error enoent ENOENT, open 'C:\xampp\htdocs\ED\DentistIsIn-master\dentistisin_web-master\src\packages\package.json'
13 error enoent This is most likely not a problem with npm itself
13 error enoent and is related to npm not being able to find a file.
14 verbose exit [ -4058, true ]
